julie@test.ca login on Fri, 19 May 23 17:20:02 +0000
julie@test.ca logout on Fri, 19 May 23 17:20:06 +0000
 logout on Fri, 19 May 23 17:35:58 +0000
aicha@gmail.com login on Fri, 19 May 23 17:36:13 +0000
aicha@gmail.com logout on Fri, 19 May 23 18:32:16 +0000
aicha@gmail.com login on Fri, 19 May 23 18:34:21 +0000
nathan@test.com logout on Fri, 19 May 23 19:39:14 +0000
aicha@gmail.com login on Tue, 23 May 23 05:47:41 +0000
aicha@gmail.com logout on Tue, 23 May 23 05:53:48 +0000
aicha@gmail.com login on Tue, 23 May 23 05:55:16 +0000
aicha@gmail.com login on Tue, 23 May 23 06:12:51 +0000
aicha@gmail.com login on Tue, 23 May 23 06:17:31 +0000
aicha@gmail.com login on Tue, 23 May 23 06:38:57 +0000
aicha@gmail.com login on Tue, 23 May 23 06:41:01 +0000
aicha@gmail.com logout on Tue, 23 May 23 06:41:33 +0000
aicha@gmail.com login on Tue, 23 May 23 06:41:36 +0000
aicha@gmail.com login on Tue, 23 May 23 06:48:24 +0000
aicha@gmail.com login on Tue, 23 May 23 07:41:15 +0000
aicha@gmail.com login on Tue, 23 May 23 07:44:02 +0000
aicha@gmail.com login on Tue, 23 May 23 07:47:01 +0000
aicha@gmail.com login on Tue, 23 May 23 07:59:44 +0000
aicha@gmail.com login on Wed, 24 May 23 00:09:59 +0000
aicha@gmail.com login on Sat, 24 Jun 23 22:23:42 +0000
aicha@gmail.com logout on Sat, 24 Jun 23 22:24:26 +0000
carlson@gmail.com logout on Thu, 15 Feb 24 07:46:48 +0000
carlson@gmail.com login on Thu, 15 Feb 24 07:47:20 +0000
carlson@gmail.com logout on Thu, 15 Feb 24 07:55:45 +0000
