::1 Thu, 11 May 2023 14:08:40 +0000
::1 Thu, 11 May 2023 14:08:43 +0000
::1 Thu, 11 May 2023 15:56:10 +0000
::1 Fri, 12 May 2023 00:36:05 +0000
::1 Fri, 12 May 2023 14:05:52 +0000
::1 Fri, 12 May 2023 14:37:58 +0000
::1 Fri, 12 May 2023 14:44:20 +0000
::1 Fri, 12 May 2023 15:02:08 +0000
::1 Fri, 12 May 2023 15:47:03 +0000
::1 Fri, 12 May 2023 15:49:43 +0000
::1 Fri, 12 May 2023 15:58:04 +0000
::1 Fri, 12 May 2023 16:05:07 +0000
::1 Fri, 12 May 2023 16:13:08 +0000
::1 Fri, 12 May 2023 16:24:43 +0000
::1 Fri, 12 May 2023 16:25:25 +0000
::1 Fri, 12 May 2023 16:51:52 +0000
::1 Fri, 12 May 2023 19:59:42 +0000
::1 Fri, 12 May 2023 21:05:54 +0000
::1 Fri, 12 May 2023 21:05:59 +0000
::1 Fri, 12 May 2023 21:07:14 +0000
::1 Fri, 12 May 2023 21:07:16 +0000
::1 Fri, 12 May 2023 21:07:32 +0000
::1 Fri, 12 May 2023 21:16:02 +0000
::1 Fri, 12 May 2023 21:16:05 +0000
::1 Fri, 12 May 2023 21:42:42 +0000
::1 Fri, 12 May 2023 22:10:19 +0000
::1 Fri, 12 May 2023 22:10:23 +0000
127.0.0.1 Sat, 13 May 2023 23:45:03 +0000
::1 Mon, 15 May 2023 13:40:53 +0000
::1 Mon, 15 May 2023 13:44:31 +0000
::1 Mon, 15 May 2023 14:06:26 +0000
::1 Mon, 15 May 2023 17:02:42 +0000
::1 Tue, 16 May 2023 04:21:07 +0000
::1 Tue, 16 May 2023 04:27:37 +0000
::1 Tue, 16 May 2023 04:27:41 +0000
::1 Tue, 16 May 2023 04:27:45 +0000
::1 Tue, 16 May 2023 05:17:51 +0000
::1 Tue, 16 May 2023 13:26:48 +0000
::1 Tue, 16 May 2023 13:57:17 +0000
::1 Tue, 16 May 2023 23:55:00 +0000
::1 Wed, 17 May 2023 00:06:25 +0000
::1 Wed, 17 May 2023 00:07:28 +0000
::1 Wed, 17 May 2023 13:14:54 +0000
::1 Wed, 17 May 2023 22:18:46 +0000
::1 Thu, 18 May 2023 00:48:19 +0000
::1 Thu, 18 May 2023 00:49:51 +0000
::1 Thu, 18 May 2023 02:02:26 +0000
::1 Thu, 18 May 2023 02:02:33 +0000
::1 Thu, 18 May 2023 02:02:42 +0000
::1 Thu, 18 May 2023 14:29:59 +0000
::1 Thu, 18 May 2023 14:33:14 +0000
::1 Thu, 18 May 2023 16:23:51 +0000
::1 Thu, 18 May 2023 16:47:17 +0000
::1 Thu, 18 May 2023 23:50:23 +0000
::1 Thu, 18 May 2023 23:52:38 +0000
::1 Thu, 18 May 2023 23:54:39 +0000
::1 Fri, 19 May 2023 17:12:02 +0000
::1 Fri, 19 May 2023 17:12:05 +0000
::1 Fri, 19 May 2023 17:14:22 +0000
::1 Fri, 19 May 2023 17:17:54 +0000
::1 Fri, 19 May 2023 17:19:17 +0000
::1 Fri, 19 May 2023 17:20:06 +0000
::1 Fri, 19 May 2023 17:35:58 +0000
::1 Fri, 19 May 2023 17:36:04 +0000
::1 Fri, 19 May 2023 18:32:16 +0000
::1 Fri, 19 May 2023 19:39:14 +0000
::1 Tue, 23 May 2023 05:47:26 +0000
::1 Tue, 23 May 2023 05:53:48 +0000
::1 Tue, 23 May 2023 06:12:40 +0000
::1 Tue, 23 May 2023 06:23:54 +0000
::1 Tue, 23 May 2023 06:38:52 +0000
::1 Tue, 23 May 2023 06:41:33 +0000
::1 Tue, 23 May 2023 06:46:43 +0000
::1 Tue, 23 May 2023 06:48:11 +0000
::1 Tue, 23 May 2023 06:48:16 +0000
::1 Tue, 23 May 2023 07:41:11 +0000
::1 Tue, 23 May 2023 07:43:54 +0000
::1 Tue, 23 May 2023 07:46:57 +0000
::1 Tue, 23 May 2023 07:59:37 +0000
::1 Wed, 24 May 2023 00:09:53 +0000
::1 Sat, 24 Jun 2023 22:24:26 +0000
::1 Sat, 24 Jun 2023 22:24:34 +0000
::1 Sat, 24 Jun 2023 22:45:45 +0000
::1 Thu, 15 Feb 2024 07:45:31 +0000
::1 Thu, 15 Feb 2024 07:45:58 +0000
::1 Thu, 15 Feb 2024 07:46:48 +0000
::1 Thu, 15 Feb 2024 07:46:57 +0000
::1 Thu, 15 Feb 2024 07:53:02 +0000
::1 Thu, 15 Feb 2024 07:55:45 +0000
::1 Thu, 15 Feb 2024 07:55:52 +0000
